<?xml version="1.0" encoding="UTF-8"?>
<testng-results ignored="0" total="1" passed="0" failed="1" skipped="0">
  <reporter-output>
  </reporter-output>
  <suite started-at="2021-12-01T15:16:49 EST" name="Default suite" finished-at="2021-12-01T15:17:51 EST" duration-ms="61097">
    <groups>
    </groups>
    <test started-at="2021-12-01T15:16:49 EST" name="Default test" finished-at="2021-12-01T15:17:51 EST" duration-ms="61097">
      <class name="AmazonSearch.AmazonProject.AppTest">
        <test-method is-config="true" signature="launchBrowser()[pri:0, instance:AmazonSearch.AmazonProject.AppTest@619713e5]" started-at="2021-12-01T15:16:49 EST" name="launchBrowser" finished-at="2021-12-01T15:17:18 EST" duration-ms="28740" status="PASS">
          <reporter-output>
          </reporter-output>
        </test-method> <!-- launchBrowser -->
        <test-method signature="verifyHomepageTitle()[pri:0, instance:AmazonSearch.AmazonProject.AppTest@619713e5]" started-at="2021-12-01T15:17:18 EST" name="verifyHomepageTitle" finished-at="2021-12-01T15:17:44 EST" duration-ms="25488" status="FAIL">
          <exception class="org.openqa.selenium.ElementNotInteractableException">
            <message>
              <![CDATA[Element <a class="a-link-normal octopus-pc-category-card-v2-category-link" href="/b/?node=3371&ref_=Oct_d_odnav_d_4_0&pd_rd_w=dpoOU&pf_rd_p=0f6f8a08-29ea-497e-8cb4-0ccf91422740&pf_rd_r=0RVHA4WEWNBN48CM8P8X&pd_rd_r=1a328007-9665-46e4-8cc7-69e8e4f031ba&pd_rd_wg=qTyHL"> could not be scrolled into view
Build info: version: '4.0.0', revision: '3a21814679'
System info: host: 'SUBHANA', ip: '192.168.37.1', os.name: 'Windows 10', os.arch: 'amd64', os.version: '10.0', java.version: '16.0.2'
Driver info: org.openqa.selenium.firefox.FirefoxDriver
Command: [3101ca65-ddb7-47bc-aba1-78a548deb2a5, clickElement {id=2c19383d-ee2e-4454-837b-5d89ca93ad66}]
Capabilities {acceptInsecureCerts: true, browserName: firefox, browserVersion: 94.0.2, javascriptEnabled: true, moz:accessibilityChecks: false, moz:buildID: 20211119140621, moz:debuggerAddress: localhost:49831, moz:geckodriverVersion: 0.30.0, moz:headless: false, moz:processID: 49420, moz:profile: C:\Users\shafi\AppData\Loca..., moz:shutdownTimeout: 60000, moz:useNonSpecCompliantPointerOrigin: false, moz:webdriverClick: true, pageLoadStrategy: normal, platform: WINDOWS, platformName: WINDOWS, platformVersion: 10.0, proxy: Proxy(), se:cdp: ws://localhost:49831/devtoo..., se:cdpVersion: 85, setWindowRect: true, strictFileInteractability: false, timeouts: {implicit: 0, pageLoad: 300000, script: 30000}, unhandledPromptBehavior: dismiss and notify}
Element: [[FirefoxDriver: firefox on WINDOWS (3101ca65-ddb7-47bc-aba1-78a548deb2a5)] -> link text: Activities, Crafts & Games]
Session ID: 3101ca65-ddb7-47bc-aba1-78a548deb2a5]]>
            </message>
            <full-stacktrace>
              <![CDATA[org.openqa.selenium.ElementNotInteractableException: Element <a class="a-link-normal octopus-pc-category-card-v2-category-link" href="/b/?node=3371&ref_=Oct_d_odnav_d_4_0&pd_rd_w=dpoOU&pf_rd_p=0f6f8a08-29ea-497e-8cb4-0ccf91422740&pf_rd_r=0RVHA4WEWNBN48CM8P8X&pd_rd_r=1a328007-9665-46e4-8cc7-69e8e4f031ba&pd_rd_wg=qTyHL"> could not be scrolled into view
Build info: version: '4.0.0', revision: '3a21814679'
System info: host: 'SUBHANA', ip: '192.168.37.1', os.name: 'Windows 10', os.arch: 'amd64', os.version: '10.0', java.version: '16.0.2'
Driver info: org.openqa.selenium.firefox.FirefoxDriver
Command: [3101ca65-ddb7-47bc-aba1-78a548deb2a5, clickElement {id=2c19383d-ee2e-4454-837b-5d89ca93ad66}]
Capabilities {acceptInsecureCerts: true, browserName: firefox, browserVersion: 94.0.2, javascriptEnabled: true, moz:accessibilityChecks: false, moz:buildID: 20211119140621, moz:debuggerAddress: localhost:49831, moz:geckodriverVersion: 0.30.0, moz:headless: false, moz:processID: 49420, moz:profile: C:\Users\shafi\AppData\Loca..., moz:shutdownTimeout: 60000, moz:useNonSpecCompliantPointerOrigin: false, moz:webdriverClick: true, pageLoadStrategy: normal, platform: WINDOWS, platformName: WINDOWS, platformVersion: 10.0, proxy: Proxy(), se:cdp: ws://localhost:49831/devtoo..., se:cdpVersion: 85, setWindowRect: true, strictFileInteractability: false, timeouts: {implicit: 0, pageLoad: 300000, script: 30000}, unhandledPromptBehavior: dismiss and notify}
Element: [[FirefoxDriver: firefox on WINDOWS (3101ca65-ddb7-47bc-aba1-78a548deb2a5)] -> link text: Activities, Crafts & Games]
Session ID: 3101ca65-ddb7-47bc-aba1-78a548deb2a5
at java.base/jdk.internal.reflect.NativeConstructorAccessorImpl.newInstance0(Native Method)
at java.base/jdk.internal.reflect.NativeConstructorAccessorImpl.newInstance(NativeConstructorAccessorImpl.java:78)
at java.base/jdk.internal.reflect.DelegatingConstructorAccessorImpl.newInstance(DelegatingConstructorAccessorImpl.java:45)
at java.base/java.lang.reflect.Constructor.newInstanceWithCaller(Constructor.java:499)
at java.base/java.lang.reflect.Constructor.newInstance(Constructor.java:480)
at org.openqa.selenium.remote.codec.w3c.W3CHttpResponseCodec.createException(W3CHttpResponseCodec.java:200)
at org.openqa.selenium.remote.codec.w3c.W3CHttpResponseCodec.decode(W3CHttpResponseCodec.java:133)
at org.openqa.selenium.remote.codec.w3c.W3CHttpResponseCodec.decode(W3CHttpResponseCodec.java:53)
at org.openqa.selenium.remote.HttpCommandExecutor.execute(HttpCommandExecutor.java:184)
at org.openqa.selenium.remote.service.DriverCommandExecutor.invokeExecute(DriverCommandExecutor.java:164)
at org.openqa.selenium.remote.service.DriverCommandExecutor.execute(DriverCommandExecutor.java:139)
at org.openqa.selenium.remote.RemoteWebDriver.execute(RemoteWebDriver.java:559)
at org.openqa.selenium.remote.RemoteWebElement.execute(RemoteWebElement.java:251)
at org.openqa.selenium.remote.RemoteWebElement.click(RemoteWebElement.java:77)
at AmazonSearch.AmazonProject.AppTest.verifyHomepageTitle(AppTest.java:44)
at java.base/jdk.internal.reflect.NativeMethodAccessorImpl.invoke0(Native Method)
at java.base/jdk.internal.reflect.NativeMethodAccessorImpl.invoke(NativeMethodAccessorImpl.java:78)
at java.base/jdk.internal.reflect.DelegatingMethodAccessorImpl.invoke(DelegatingMethodAccessorImpl.java:43)
at java.base/java.lang.reflect.Method.invoke(Method.java:567)
at org.testng.internal.MethodInvocationHelper.invokeMethod(MethodInvocationHelper.java:133)
at org.testng.internal.TestInvoker.invokeMethod(TestInvoker.java:598)
at org.testng.internal.TestInvoker.invokeTestMethod(TestInvoker.java:173)
at org.testng.internal.MethodRunner.runInSequence(MethodRunner.java:46)
at org.testng.internal.TestInvoker$MethodInvocationAgent.invoke(TestInvoker.java:824)
at org.testng.internal.TestInvoker.invokeTestMethods(TestInvoker.java:146)
at org.testng.internal.TestMethodWorker.invokeTestMethods(TestMethodWorker.java:146)
at org.testng.internal.TestMethodWorker.run(TestMethodWorker.java:128)
at java.base/java.util.ArrayList.forEach(ArrayList.java:1511)
at org.testng.TestRunner.privateRun(TestRunner.java:794)
at org.testng.TestRunner.run(TestRunner.java:596)
at org.testng.SuiteRunner.runTest(SuiteRunner.java:377)
at org.testng.SuiteRunner.runSequentially(SuiteRunner.java:371)
at org.testng.SuiteRunner.privateRun(SuiteRunner.java:332)
at org.testng.SuiteRunner.run(SuiteRunner.java:276)
at org.testng.SuiteRunnerWorker.runSuite(SuiteRunnerWorker.java:53)
at org.testng.SuiteRunnerWorker.run(SuiteRunnerWorker.java:96)
at org.testng.TestNG.runSuitesSequentially(TestNG.java:1212)
at org.testng.TestNG.runSuitesLocally(TestNG.java:1134)
at org.testng.TestNG.runSuites(TestNG.java:1063)
at org.testng.TestNG.run(TestNG.java:1031)
at org.testng.remote.AbstractRemoteTestNG.run(AbstractRemoteTestNG.java:115)
at org.testng.remote.RemoteTestNG.initAndRun(RemoteTestNG.java:251)
at org.testng.remote.RemoteTestNG.main(RemoteTestNG.java:77)
]]>
            </full-stacktrace>
          </exception> <!-- org.openqa.selenium.ElementNotInteractableException -->
          <reporter-output>
          </reporter-output>
        </test-method> <!-- verifyHomepageTitle -->
        <test-method is-config="true" signature="terminateBrowser()[pri:0, instance:AmazonSearch.AmazonProject.AppTest@619713e5]" started-at="2021-12-01T15:17:44 EST" name="terminateBrowser" finished-at="2021-12-01T15:17:51 EST" duration-ms="6728" status="PASS">
          <reporter-output>
          </reporter-output>
        </test-method> <!-- terminateBrowser -->
      </class> <!-- AmazonSearch.AmazonProject.AppTest -->
    </test> <!-- Default test -->
  </suite> <!-- Default suite -->
</testng-results>
